<?xml version="1.0" encoding="utf-8"?><testsuites name="pytest tests"><testsuite name="pytest" errors="0" failures="0" skipped="0" tests="21" time="5.625" timestamp="2026-08-17T16:02:59.893290+00:00" hostname="agent-env-5b4c6cc7-5309-462a-bcc5-63228200d27e"><testcase classname="tests.test_exports_versions" name="test_export_csv" time="0.678" /><testcase classname="tests.test_exports_versions" name="test_export_json" time="0.128" /><testcase classname="tests.test_exports_versions" name="test_export_xml" time="0.153" /><testcase classname="tests.test_exports_versions" name="test_version_snapshot_list_restore" time="0.267" /><testcase classname="tests.test_msp_export.TestMspXml" name="test_export_status_and_headers" time="1.346" /><testcase classname="tests.test_msp_export.TestMspXml" name="test_duration_nonzero_and_xsd_ordering" time="0.077" /><testcase classname="tests.test_msp_export.TestMspXml" name="test_expected_duration_conversion" time="0.078" /><testcase classname="tests.test_msp_export.TestMspXml" name="test_predecessor_links" time="0.079" /><testcase classname="tests.test_msp_export.TestAstaXml" name="test_export_status" time="0.088" /><testcase classname="tests.test_msp_export.TestAstaXml" name="test_summary_hierarchy_and_leaf_durations" time="0.100" /><testcase classname="tests.test_msp_export.TestAstaXml" name="test_asta_predecessors" time="0.089" /><testcase classname="tests.test_msp_export.TestOtherExports" name="test_csv" time="0.091" /><testcase classname="tests.test_msp_export.TestOtherExports" name="test_json" time="0.085" /><testcase classname="tests.test_msp_export.TestOtherExports" name="test_xer" time="0.159" /><testcase classname="tests.test_snapshots_baseline.TestSnapshotsCRUD" name="test_create_snapshot_uses_name" time="0.218" /><testcase classname="tests.test_snapshots_baseline.TestSnapshotsCRUD" name="test_list_snapshots_sorted_newest_first" time="0.252" /><testcase classname="tests.test_snapshots_baseline.TestSnapshotsCRUD" name="test_compare_unmodified_all_zero_variance" time="0.398" /><testcase classname="tests.test_snapshots_baseline.TestSnapshotsCRUD" name="test_compare_after_mutation_shows_slip" time="0.342" /><testcase classname="tests.test_snapshots_baseline.TestSnapshotsCRUD" name="test_compare_added_and_removed" time="0.499" /><testcase classname="tests.test_snapshots_baseline.TestSnapshotsCRUD" name="test_restore_snapshot_reverts_activities" time="0.092" /><testcase classname="tests.test_snapshots_baseline.TestLegacyVersionsCompat" name="test_legacy_versions_endpoints" time="0.361" /></testsuite></testsuites>