<?xml version="1.0" encoding="utf-8"?><testsuites name="pytest tests"><testsuite name="pytest" errors="0" failures="0" skipped="0" tests="51" time="5.404" timestamp="2026-08-04T10:38:34.440891+00:00" hostname="agent-env-1a481a11-ea83-4cb7-9132-cc2d60507607"><testcase classname="tests.test_asta_and_xer_import.TestXerImportMapping" name="test_type_mapping" time="0.001" /><testcase classname="tests.test_asta_and_xer_import.TestXerImportMapping" name="test_duration_hours_over_eight" time="0.000" /><testcase classname="tests.test_asta_and_xer_import.TestXerImportMapping" name="test_pred_type_and_lag_mapping" time="0.000" /><testcase classname="tests.test_asta_and_xer_import.TestXerImportMapping" name="test_constraint_mapping_all_branches" time="0.000" /><testcase classname="tests.test_asta_and_xer_import.TestXerImportMapping" name="test_wbs_names_and_dotted_code" time="0.000" /><testcase classname="tests.test_asta_and_xer_import.TestXerImportMapping" name="test_calendar_holidays_and_week_pattern" time="0.000" /><testcase classname="tests.test_asta_and_xer_import.TestXerImportMapping" name="test_stats_summary" time="0.000" /><testcase classname="tests.test_asta_and_xer_import.TestXerImportMapping" name="test_parse_tables_tab_separator" time="0.000" /><testcase classname="tests.test_asta_and_xer_import.TestXerImportMapping" name="test_non_xer_raises" time="0.000" /><testcase classname="tests.test_asta_and_xer_import.TestAstaExport" name="test_asta_export_headers_and_root" time="0.574" /><testcase classname="tests.test_cpm" name="test_fs_link_basic" time="0.820" /><testcase classname="tests.test_asta_and_xer_import.TestAstaExport" name="test_asta_extended_attribute_registered" time="0.319" /><testcase classname="tests.test_cpm" name="test_ss_positive_lag" time="0.176" /><testcase classname="tests.test_asta_and_xer_import.TestAstaExport" name="test_asta_calendar_has_workingdays_and_exceptions" time="0.049" /><testcase classname="tests.test_asta_and_xer_import.TestAstaExport" name="test_asta_wbs_hierarchy_outline_levels" time="0.048" /><testcase classname="tests.test_cpm" name="test_ff_link" time="0.492" /><testcase classname="tests.test_asta_and_xer_import.TestAstaExport" name="test_asta_link_integrity_and_milestone_and_constraint" time="0.220" /><testcase classname="tests.test_auth" name="test_login_success" time="0.305" /><testcase classname="tests.test_cpm" name="test_sf_link" time="0.383" /><testcase classname="tests.test_auth" name="test_login_wrong_password" time="0.300" /><testcase classname="tests.test_auth" name="test_projects_no_token_unauthorized" time="0.157" /><testcase classname="tests.test_cpm" name="test_negative_lag" time="0.380" /><testcase classname="tests.test_auth" name="test_signup_new_email" time="0.266" /><testcase classname="tests.test_auth" name="test_auth_me" time="0.080" /><testcase classname="tests.test_cpm" name="test_milestone_duration_forced_zero" time="0.174" /><testcase classname="tests.test_exports_versions" name="test_export_csv" time="0.044" /><testcase classname="tests.test_exports_versions" name="test_export_json" time="0.046" /><testcase classname="tests.test_exports_versions" name="test_export_xml" time="0.047" /><testcase classname="tests.test_cpm" name="test_critical_path_and_float" time="0.208" /><testcase classname="tests.test_exports_versions" name="test_version_snapshot_list_restore" time="0.212" /><testcase classname="tests.test_cpm" name="test_cycle_detection" time="0.178" /><testcase classname="tests.test_asta_and_xer_import.TestXerImportEndpoint" name="test_import_riverside_roundtrip" time="0.305" /><testcase classname="tests.test_calendar_constraints_variance_xer.TestConstraints" name="test_snet_pushes_start" time="0.241" /><testcase classname="tests.test_asta_and_xer_import.TestXerImportEndpoint" name="test_import_rejects_non_xer_text" time="0.092" /><testcase classname="tests.test_calendar_constraints_variance_xer.TestConstraints" name="test_fnlt_produces_negative_float_and_critical" time="0.277" /><testcase classname="tests.test_asta_and_xer_import.TestXerImportEndpoint" name="test_import_unauthenticated_returns_401" time="0.094" /><testcase classname="tests.test_calendar_constraints_variance_xer.TestVariance" name="test_variance_late_with_target" time="0.233" /><testcase classname="tests.test_calendar_constraints_variance_xer.TestConstraints" name="test_mso_fixes_start_exactly" time="0.212" /><testcase classname="tests.test_calendar_constraints_variance_xer.TestVariance" name="test_variance_no_target" time="0.214" /><testcase classname="tests.test_calendar_constraints_variance_xer.TestExistingExportUpdates" name="test_csv_has_free_float_and_constraint_columns" time="0.048" /><testcase classname="tests.test_calendar_constraints_variance_xer.TestExistingExportUpdates" name="test_json_includes_calendar_config" time="0.050" /><testcase classname="tests.test_calendar_constraints_variance_xer.TestVariance" name="test_variance_negative_float_list" time="0.250" /><testcase classname="tests.test_calendar_constraints_variance_xer.TestExistingExportUpdates" name="test_msp_xml_has_calendar_exceptions_and_constraint" time="0.274" /><testcase classname="tests.test_projects_crud" name="test_create_read_list" time="0.214" /><testcase classname="tests.test_calendar_constraints_variance_xer.TestCalendar" name="test_calendar_put_persists_config_not_expanded_list" time="0.254" /><testcase classname="tests.test_projects_crud" name="test_duplicate_and_delete" time="0.285" /><testcase classname="tests.test_calendar_constraints_variance_xer.TestCalendar" name="test_calendar_week_patterns_change_finish" time="0.408" /><testcase classname="tests.test_projects_crud" name="test_duplicate_activity_id_returns_400" time="0.161" /><testcase classname="tests.test_calendar_constraints_variance_xer.TestPatchMerge" name="test_patch_partial_inputs_merges" time="0.292" /><testcase classname="tests.test_calendar_constraints_variance_xer.TestXerExport" name="test_xer_export_structure" time="0.080" /><testcase classname="tests.test_calendar_constraints_variance_xer.TestXerExport" name="test_xer_taskpred_lag_hours" time="0.232" /></testsuite></testsuites>