<?xml version="1.0" encoding="utf-8"?><testsuites name="pytest tests"><testsuite name="pytest" errors="0" failures="0" skipped="0" tests="7" time="2.632" timestamp="2026-08-17T14:54:38.862646+00:00" hostname="agent-env-5b4c6cc7-5309-462a-bcc5-63228200d27e"><testcase classname="tests.test_snapshots_baseline.TestSnapshotsCRUD" name="test_create_snapshot_uses_name" time="0.728" /><testcase classname="tests.test_snapshots_baseline.TestSnapshotsCRUD" name="test_list_snapshots_sorted_newest_first" time="0.204" /><testcase classname="tests.test_snapshots_baseline.TestSnapshotsCRUD" name="test_compare_unmodified_all_zero_variance" time="0.367" /><testcase classname="tests.test_snapshots_baseline.TestSnapshotsCRUD" name="test_compare_after_mutation_shows_slip" time="0.337" /><testcase classname="tests.test_snapshots_baseline.TestSnapshotsCRUD" name="test_compare_added_and_removed" time="0.491" /><testcase classname="tests.test_snapshots_baseline.TestSnapshotsCRUD" name="test_restore_snapshot_reverts_activities" time="0.103" /><testcase classname="tests.test_snapshots_baseline.TestLegacyVersionsCompat" name="test_legacy_versions_endpoints" time="0.360" /></testsuite></testsuites>