<?xml version="1.0" encoding="utf-8"?><testsuites name="pytest tests"><testsuite name="pytest" errors="0" failures="0" skipped="0" tests="23" time="5.391" timestamp="2026-08-17T16:02:48.600609+00:00" hostname="agent-env-5b4c6cc7-5309-462a-bcc5-63228200d27e"><testcase classname="tests.test_payments.TestCheckout" name="test_checkout_creates_session_and_row" time="1.791" /><testcase classname="tests.test_payments.TestStatus" name="test_status_unknown_returns_404" time="0.118" /><testcase classname="tests.test_payments.TestStatus" name="test_status_fresh_session_is_pending" time="0.898" /><testcase classname="tests.test_payments.TestWebhook" name="test_webhook_rejects_missing_signature" time="0.096" /><testcase classname="tests.test_payments.TestWebhook" name="test_webhook_rejects_bad_signature" time="0.111" /><testcase classname="tests.test_payments.TestBillingPlan" name="test_plan_free_for_unpaid_user" time="0.093" /><testcase classname="tests.test_payments.TestBillingPlan" name="test_plan_pro_when_paid" time="0.102" /><testcase classname="tests.test_payments.TestBillingInvoices" name="test_invoices_empty_when_no_customer" time="0.139" /><testcase classname="tests.test_payments.TestBillingPortal" name="test_portal_401_without_token" time="0.092" /><testcase classname="tests.test_payments.TestBillingPortal" name="test_portal_404_without_billing_history" time="0.104" /><testcase classname="tests.test_payments.TestGating" name="test_generate_402_for_free_user" time="0.101" /><testcase classname="tests.test_payments.TestGating" name="test_export_402_for_free_user[csv]" time="0.103" /><testcase classname="tests.test_payments.TestGating" name="test_export_402_for_free_user[json]" time="0.094" /><testcase classname="tests.test_payments.TestGating" name="test_export_402_for_free_user[xml]" time="0.133" /><testcase classname="tests.test_payments.TestGating" name="test_export_402_for_free_user[asta]" time="0.098" /><testcase classname="tests.test_payments.TestGating" name="test_export_402_for_free_user[xer]" time="0.138" /><testcase classname="tests.test_payments.TestGating" name="test_export_200_for_pro_user[csv]" time="0.101" /><testcase classname="tests.test_payments.TestGating" name="test_export_200_for_pro_user[json]" time="0.106" /><testcase classname="tests.test_payments.TestGating" name="test_export_200_for_pro_user[xml]" time="0.115" /><testcase classname="tests.test_payments.TestGating" name="test_export_200_for_pro_user[asta]" time="0.152" /><testcase classname="tests.test_payments.TestGating" name="test_export_200_for_pro_user[xer]" time="0.141" /><testcase classname="tests.test_payments.TestNoGatingOnSnapshots" name="test_snapshots_work_for_free_user" time="0.290" /><testcase classname="tests.test_payments.TestNoGatingOnSnapshots" name="test_snapshot_create_and_compare_for_free_user" time="0.240" /></testsuite></testsuites>