<?xml version="1.0" encoding="utf-8"?><testsuites name="pytest tests"><testsuite name="pytest" errors="0" failures="0" skipped="0" tests="14" time="2.700" timestamp="2026-08-04T10:01:51.977136+00:00" hostname="agent-env-1a481a11-ea83-4cb7-9132-cc2d60507607"><testcase classname="tests.test_calendar_constraints_variance_xer.TestVariance" name="test_variance_late_with_target" time="0.884" /><testcase classname="tests.test_calendar_constraints_variance_xer.TestConstraints" name="test_snet_pushes_start" time="0.947" /><testcase classname="tests.test_calendar_constraints_variance_xer.TestVariance" name="test_variance_no_target" time="0.224" /><testcase classname="tests.test_calendar_constraints_variance_xer.TestConstraints" name="test_fnlt_produces_negative_float_and_critical" time="0.174" /><testcase classname="tests.test_calendar_constraints_variance_xer.TestVariance" name="test_variance_negative_float_list" time="0.263" /><testcase classname="tests.test_calendar_constraints_variance_xer.TestConstraints" name="test_mso_fixes_start_exactly" time="0.209" /><testcase classname="tests.test_calendar_constraints_variance_xer.TestCalendar" name="test_calendar_put_persists_config_not_expanded_list" time="0.191" /><testcase classname="tests.test_calendar_constraints_variance_xer.TestExistingExportUpdates" name="test_csv_has_free_float_and_constraint_columns" time="0.048" /><testcase classname="tests.test_calendar_constraints_variance_xer.TestExistingExportUpdates" name="test_json_includes_calendar_config" time="0.054" /><testcase classname="tests.test_calendar_constraints_variance_xer.TestExistingExportUpdates" name="test_msp_xml_has_calendar_exceptions_and_constraint" time="0.194" /><testcase classname="tests.test_calendar_constraints_variance_xer.TestCalendar" name="test_calendar_week_patterns_change_finish" time="0.451" /><testcase classname="tests.test_calendar_constraints_variance_xer.TestPatchMerge" name="test_patch_partial_inputs_merges" time="0.227" /><testcase classname="tests.test_calendar_constraints_variance_xer.TestXerExport" name="test_xer_export_structure" time="0.051" /><testcase classname="tests.test_calendar_constraints_variance_xer.TestXerExport" name="test_xer_taskpred_lag_hours" time="0.181" /></testsuite></testsuites>