<?xml version="1.0" encoding="utf-8"?><testsuites name="pytest tests"><testsuite name="pytest" errors="0" failures="1" skipped="0" tests="10" time="69.614" timestamp="2026-08-17T12:09:32.530984+00:00" hostname="agent-env-5b4c6cc7-5309-462a-bcc5-63228200d27e"><testcase classname="tests.test_msp_export.TestAstaXml" name="test_export_status" time="36.710" /><testcase classname="tests.test_msp_export.TestAstaXml" name="test_summary_hierarchy_and_leaf_durations" time="0.074"><failure message="AssertionError: [Asta:Site setup] Element &lt;FreeSlack&gt; appears after &lt;TotalSlack&gt; which violates MSP XSD ordering&#10;assert 19 &gt;= 20">backend/tests/test_msp_export.py:181: in test_summary_hierarchy_and_leaf_durations
    _assert_task_order(t, ctx=f"Asta:{name}")
backend/tests/test_msp_export.py:96: in _assert_task_order
    assert i &gt;= last_i, (
E   AssertionError: [Asta:Site setup] Element &lt;FreeSlack&gt; appears after &lt;TotalSlack&gt; which violates MSP XSD ordering
E   assert 19 &gt;= 20</failure></testcase><testcase classname="tests.test_msp_export.TestAstaXml" name="test_asta_predecessors" time="0.083" /><testcase classname="tests.test_msp_export.TestOtherExports" name="test_csv" time="0.067" /><testcase classname="tests.test_msp_export.TestOtherExports" name="test_json" time="0.071" /><testcase classname="tests.test_msp_export.TestOtherExports" name="test_xer" time="0.156" /><testcase classname="tests.test_msp_export.TestMspXml" name="test_export_status_and_headers" time="68.851" /><testcase classname="tests.test_msp_export.TestMspXml" name="test_duration_nonzero_and_xsd_ordering" time="0.069" /><testcase classname="tests.test_msp_export.TestMspXml" name="test_expected_duration_conversion" time="0.068" /><testcase classname="tests.test_msp_export.TestMspXml" name="test_predecessor_links" time="0.132" /></testsuite></testsuites>