<?xml version="1.0" encoding="utf-8"?><testsuites name="pytest tests"><testsuite name="pytest" errors="0" failures="0" skipped="0" tests="34" time="4.758" timestamp="2026-08-04T10:02:00.502707+00:00" hostname="agent-env-1a481a11-ea83-4cb7-9132-cc2d60507607"><testcase classname="tests.test_auth" name="test_login_success" time="0.342" /><testcase classname="tests.test_auth" name="test_login_wrong_password" time="0.464" /><testcase classname="tests.test_cpm" name="test_fs_link_basic" time="0.953" /><testcase classname="tests.test_auth" name="test_projects_no_token_unauthorized" time="0.127" /><testcase classname="tests.test_auth" name="test_signup_new_email" time="0.268" /><testcase classname="tests.test_cpm" name="test_ss_positive_lag" time="0.603" /><testcase classname="tests.test_auth" name="test_auth_me" time="0.344" /><testcase classname="tests.test_exports_versions" name="test_export_csv" time="0.048" /><testcase classname="tests.test_cpm" name="test_ff_link" time="0.231" /><testcase classname="tests.test_exports_versions" name="test_export_json" time="0.061" /><testcase classname="tests.test_exports_versions" name="test_export_xml" time="0.056" /><testcase classname="tests.test_exports_versions" name="test_version_snapshot_list_restore" time="0.179" /><testcase classname="tests.test_cpm" name="test_sf_link" time="0.189" /><testcase classname="tests.test_calendar_constraints_variance_xer.TestConstraints" name="test_snet_pushes_start" time="0.210" /><testcase classname="tests.test_cpm" name="test_negative_lag" time="0.181" /><testcase classname="tests.test_calendar_constraints_variance_xer.TestConstraints" name="test_fnlt_produces_negative_float_and_critical" time="0.223" /><testcase classname="tests.test_cpm" name="test_milestone_duration_forced_zero" time="0.238" /><testcase classname="tests.test_calendar_constraints_variance_xer.TestConstraints" name="test_mso_fixes_start_exactly" time="0.205" /><testcase classname="tests.test_cpm" name="test_critical_path_and_float" time="0.218" /><testcase classname="tests.test_calendar_constraints_variance_xer.TestVariance" name="test_variance_late_with_target" time="0.278" /><testcase classname="tests.test_cpm" name="test_cycle_detection" time="0.222" /><testcase classname="tests.test_calendar_constraints_variance_xer.TestVariance" name="test_variance_no_target" time="0.259" /><testcase classname="tests.test_calendar_constraints_variance_xer.TestExistingExportUpdates" name="test_csv_has_free_float_and_constraint_columns" time="0.057" /><testcase classname="tests.test_calendar_constraints_variance_xer.TestExistingExportUpdates" name="test_json_includes_calendar_config" time="0.061" /><testcase classname="tests.test_calendar_constraints_variance_xer.TestExistingExportUpdates" name="test_msp_xml_has_calendar_exceptions_and_constraint" time="0.201" /><testcase classname="tests.test_calendar_constraints_variance_xer.TestVariance" name="test_variance_negative_float_list" time="0.264" /><testcase classname="tests.test_calendar_constraints_variance_xer.TestCalendar" name="test_calendar_put_persists_config_not_expanded_list" time="0.238" /><testcase classname="tests.test_projects_crud" name="test_create_read_list" time="0.231" /><testcase classname="tests.test_calendar_constraints_variance_xer.TestCalendar" name="test_calendar_week_patterns_change_finish" time="0.389" /><testcase classname="tests.test_projects_crud" name="test_duplicate_and_delete" time="0.337" /><testcase classname="tests.test_calendar_constraints_variance_xer.TestXerExport" name="test_xer_export_structure" time="0.053" /><testcase classname="tests.test_calendar_constraints_variance_xer.TestXerExport" name="test_xer_taskpred_lag_hours" time="0.209" /><testcase classname="tests.test_projects_crud" name="test_duplicate_activity_id_returns_400" time="0.132" /><testcase classname="tests.test_calendar_constraints_variance_xer.TestPatchMerge" name="test_patch_partial_inputs_merges" time="0.264" /></testsuite></testsuites>