<?xml version="1.0" encoding="utf-8"?><testsuites name="pytest tests"><testsuite name="pytest" errors="0" failures="0" skipped="0" tests="20" time="3.304" timestamp="2026-08-04T09:42:32.050526+00:00" hostname="agent-env-1a481a11-ea83-4cb7-9132-cc2d60507607"><testcase classname="tests.test_auth" name="test_login_success" time="0.596" /><testcase classname="tests.test_cpm" name="test_fs_link_basic" time="0.899" /><testcase classname="tests.test_auth" name="test_login_wrong_password" time="0.303" /><testcase classname="tests.test_cpm" name="test_ss_positive_lag" time="0.125" /><testcase classname="tests.test_auth" name="test_projects_no_token_unauthorized" time="0.093" /><testcase classname="tests.test_auth" name="test_signup_new_email" time="0.265" /><testcase classname="tests.test_cpm" name="test_ff_link" time="0.540" /><testcase classname="tests.test_auth" name="test_auth_me" time="0.387" /><testcase classname="tests.test_cpm" name="test_sf_link" time="0.165" /><testcase classname="tests.test_exports_versions" name="test_export_csv" time="0.074" /><testcase classname="tests.test_exports_versions" name="test_export_json" time="0.081" /><testcase classname="tests.test_cpm" name="test_negative_lag" time="0.145" /><testcase classname="tests.test_exports_versions" name="test_export_xml" time="0.079" /><testcase classname="tests.test_cpm" name="test_milestone_duration_forced_zero" time="0.129" /><testcase classname="tests.test_exports_versions" name="test_version_snapshot_list_restore" time="0.240" /><testcase classname="tests.test_cpm" name="test_critical_path_and_float" time="0.232" /><testcase classname="tests.test_projects_crud" name="test_create_read_list" time="0.245" /><testcase classname="tests.test_cpm" name="test_cycle_detection" time="0.209" /><testcase classname="tests.test_projects_crud" name="test_duplicate_and_delete" time="0.291" /><testcase classname="tests.test_projects_crud" name="test_duplicate_activity_id_returns_400" time="0.165" /></testsuite></testsuites>